<?xml version="1.0" encoding="UTF-8"?>
<!-- Generated by org.testng.reporters.JUnitXMLReporter -->
<testsuite ignored="0" hostname="DESKTOP-91071EB" failures="0" tests="3" name="Test" time="14.289" errors="0" timestamp="17 Dec 2022 19:10:18 GMT">
  <testcase classname="com.zysk.addresshealth.tests.ErrorValidationTest" name="errorValidation" time="0.511"/>
  <testcase classname="com.zysk.addresshealth.tests.ALoginTest" name="submitOrder" time="0.434"/>
  <testcase classname="com.zysk.addresshealth.tests.ALoginTest" name="submitOrder" time="0.331"/>
</testsuite> <!-- Test -->
